#
# There is insufficient memory for the Java Runtime Environment to continue.
# Native memory allocation (malloc) failed to allocate 356944 bytes. Error detail: Chunk::new
# Possible reasons:
#   The system is out of physical RAM or swap space
#   This process is running with CompressedOops enabled, and the Java Heap may be blocking the growth of the native heap
# Possible solutions:
#   Reduce memory load on the system
#   Increase physical memory or swap space
#   Check if swap backing store is full
#   Decrease Java heap size (-Xmx/-Xms)
#   Decrease number of Java threads
#   Decrease Java thread stack sizes (-Xss)
#   Set larger code cache with -XX:ReservedCodeCacheSize=
#   JVM is running with Unscaled Compressed Oops mode in which the Java heap is
#     placed in the first 4GB address space. The Java Heap base address is the
#     maximum limit for the native heap growth. Please use -XX:HeapBaseMinAddress
#     to set the Java Heap base and to place the Java Heap above 4GB virtual address.
# This output file may be truncated or incomplete.
#
#  Out of Memory Error (arena.cpp:168), pid=30348, tid=32080
#
# JRE version: OpenJDK Runtime Environment Temurin-21.0.10+7 (21.0.10+7) (build 21.0.10+7-LTS)
# Java VM: OpenJDK 64-Bit Server VM Temurin-21.0.10+7 (21.0.10+7-LTS, mixed mode, sharing, tiered, compressed oops, compressed class ptrs, parallel gc, windows-amd64)
# No core dump will be written. Minidumps are not enabled by default on client versions of Windows
#

---------------  S U M M A R Y ------------

Command Line: --add-modules=ALL-SYSTEM --add-opens=java.base/java.util=ALL-UNNAMED --add-opens=java.base/java.lang=ALL-UNNAMED --add-opens=java.base/sun.nio.fs=ALL-UNNAMED -Declipse.application=org.eclipse.jdt.ls.core.id1 -Dosgi.bundles.defaultStartLevel=4 -Declipse.product=org.eclipse.jdt.ls.core.product -Djava.import.generatesMetadataFilesAtProjectRoot=false -DDetectVMInstallationsJob.disabled=true -Dfile.encoding=utf8 -XX:+UseParallelGC -XX:GCTimeRatio=4 -XX:AdaptiveSizePolicyWeight=90 -Dsun.zip.disableMemoryMapping=true -Xmx2G -Xms100m -Xlog:disable -javaagent:c:\Users\lucas\.vscode\extensions\redhat.java-1.54.0-win32-x64\lombok\lombok-1.18.39-4050.jar -XX:+HeapDumpOnOutOfMemoryError -XX:HeapDumpPath=c:\Users\lucas\AppData\Roaming\Code\User\workspaceStorage\835157e214956511257ff263064fe1b8\redhat.java -Daether.dependencyCollector.impl=bf c:\Users\lucas\.vscode\extensions\redhat.java-1.54.0-win32-x64\server\plugins\org.eclipse.equinox.launcher_1.7.100.v20251111-0406.jar -configuration c:\Users\lucas\AppData\Roaming\Code\User\globalStorage\redhat.java\1.54.0\config_win -data c:\Users\lucas\AppData\Roaming\Code\User\workspaceStorage\835157e214956511257ff263064fe1b8\redhat.java\jdt_ws --pipe=\\.\pipe\lsp-3dea4131eeaa2d06f0de7d381d6a0f90-sock

Host: Intel(R) Core(TM) i3-4005U CPU @ 1.70GHz, 4 cores, 3G,  Windows 10 , 64 bit Build 19041 (10.0.19041.5915)
Time: Wed Apr 29 18:32:57 2026 Hora oficial do Brasil elapsed time: 9.996883 seconds (0d 0h 0m 9s)

---------------  T H R E A D  ---------------

Current thread (0x0000021a36491c10):  JavaThread "C2 CompilerThread0" daemon [_thread_in_native, id=32080, stack(0x00000046eb100000,0x00000046eb200000) (1024K)]


Current CompileTask:
C2:9997 1764       4       java.io.WinNTFileSystem::normalize (143 bytes)

Stack: [0x00000046eb100000,0x00000046eb200000]
Native frames: (J=compiled Java code, j=interpreted, Vv=VM code, C=native code)
V  [jvm.dll+0x6d7a39]
V  [jvm.dll+0x8b4b26]
V  [jvm.dll+0x8b70de]
V  [jvm.dll+0x8b77c3]
V  [jvm.dll+0x284346]
V  [jvm.dll+0xc66ed]
V  [jvm.dll+0xc6c31]
V  [jvm.dll+0x3bec3b]
V  [jvm.dll+0x38b162]
V  [jvm.dll+0x38a5aa]
V  [jvm.dll+0x24c560]
V  [jvm.dll+0x24bb40]
V  [jvm.dll+0x1cb34e]
V  [jvm.dll+0x25b85d]
V  [jvm.dll+0x259dea]
V  [jvm.dll+0x3f857e]
V  [jvm.dll+0x85f59d]
V  [jvm.dll+0x6d626d]
C  [ucrtbase.dll+0x21bb2]
C  [KERNEL32.DLL+0x17374]
C  [ntdll.dll+0x4cc91]


---------------  P R O C E S S  ---------------

Threads class SMR info:
_java_thread_list=0x0000021a933cf1d0, length=12, elements={
0x0000021a343246f0, 0x0000021a36487b70, 0x0000021a364891c0, 0x0000021a3648c820,
0x0000021a3648d480, 0x0000021a3648e360, 0x0000021a36490dd0, 0x0000021a36491c10,
0x0000021a36506ba0, 0x0000021a8ecfd550, 0x0000021a8ee06910, 0x0000021a93304fc0
}

Java Threads: ( => current thread )
  0x0000021a343246f0 JavaThread "main"                              [_thread_in_native, id=1300, stack(0x00000046ea700000,0x00000046ea800000) (1024K)]
  0x0000021a36487b70 JavaThread "Reference Handler"          daemon [_thread_blocked, id=14164, stack(0x00000046eab00000,0x00000046eac00000) (1024K)]
  0x0000021a364891c0 JavaThread "Finalizer"                  daemon [_thread_blocked, id=34444, stack(0x00000046eac00000,0x00000046ead00000) (1024K)]
  0x0000021a3648c820 JavaThread "Signal Dispatcher"          daemon [_thread_blocked, id=18300, stack(0x00000046ead00000,0x00000046eae00000) (1024K)]
  0x0000021a3648d480 JavaThread "Attach Listener"            daemon [_thread_blocked, id=12460, stack(0x00000046eae00000,0x00000046eaf00000) (1024K)]
  0x0000021a3648e360 JavaThread "Service Thread"             daemon [_thread_blocked, id=32388, stack(0x00000046eaf00000,0x00000046eb000000) (1024K)]
  0x0000021a36490dd0 JavaThread "Monitor Deflation Thread"   daemon [_thread_blocked, id=16596, stack(0x00000046eb000000,0x00000046eb100000) (1024K)]
=>0x0000021a36491c10 JavaThread "C2 CompilerThread0"         daemon [_thread_in_native, id=32080, stack(0x00000046eb100000,0x00000046eb200000) (1024K)]
  0x0000021a36506ba0 JavaThread "C1 CompilerThread0"         daemon [_thread_blocked, id=20880, stack(0x00000046eb200000,0x00000046eb300000) (1024K)]
  0x0000021a8ecfd550 JavaThread "Common-Cleaner"             daemon [_thread_blocked, id=26560, stack(0x00000046eb300000,0x00000046eb400000) (1024K)]
  0x0000021a8ee06910 JavaThread "Notification Thread"        daemon [_thread_blocked, id=31520, stack(0x00000046eb400000,0x00000046eb500000) (1024K)]
  0x0000021a93304fc0 JavaThread "Active Thread: Equinox Container: a397f777-7cd4-4521-b34a-01f0af8eabf3"        [_thread_blocked, id=9508, stack(0x00000046eb800000,0x00000046eb900000) (1024K)]
Total: 12

Other Threads:
  0x0000021a3646bf70 VMThread "VM Thread"                           [id=8244, stack(0x00000046eaa00000,0x00000046eab00000) (1024K)]
  0x0000021a36663c70 WatcherThread "VM Periodic Task Thread"        [id=27376, stack(0x00000046ea900000,0x00000046eaa00000) (1024K)]
  0x0000021a365bcdd0 WorkerThread "GC Thread#0"                     [id=15204, stack(0x00000046ea800000,0x00000046ea900000) (1024K)]
  0x0000021a932bdda0 WorkerThread "GC Thread#1"                     [id=21152, stack(0x00000046eb500000,0x00000046eb600000) (1024K)]
  0x0000021a931703c0 WorkerThread "GC Thread#2"                     [id=11972, stack(0x00000046eb600000,0x00000046eb700000) (1024K)]
  0x0000021a93170770 WorkerThread "GC Thread#3"                     [id=32156, stack(0x00000046eb700000,0x00000046eb800000) (1024K)]
Total: 6

Threads with active compile tasks:
C2 CompilerThread0  10109 1764       4       java.io.WinNTFileSystem::normalize (143 bytes)
Total: 1

VM state: not at safepoint (normal execution)

VM Mutex/Monitor currently owned by a thread: None

Heap address: 0x0000000080000000, size: 2048 MB, Compressed Oops mode: 32-bit

CDS archive(s) mapped at: [0x0000021a4d000000-0x0000021a4dba0000-0x0000021a4dba0000), size 12189696, SharedBaseAddress: 0x0000021a4d000000, ArchiveRelocationMode: 1.
Compressed class space mapped at: 0x0000021a4e000000-0x0000021a8e000000, reserved size: 1073741824
Narrow klass base: 0x0000021a4d000000, Narrow klass shift: 0, Narrow klass range: 0x100000000

GC Precious Log:
 CardTable entry size: 512
 CPUs: 4 total, 4 available
 Memory: 4000M
 Large Page Support: Disabled
 NUMA Support: Disabled
 Compressed Oops: Enabled (32-bit)
 Alignments: Space 512K, Generation 512K, Heap 2M
 Heap Min Capacity: 100M
 Heap Initial Capacity: 100M
 Heap Max Capacity: 2G
 Pre-touch: Disabled
 Parallel Workers: 4

Heap:
 PSYoungGen      total 29696K, used 27933K [0x00000000d5580000, 0x00000000d7680000, 0x0000000100000000)
  eden space 25600K, 96% used [0x00000000d5580000,0x00000000d6d93658,0x00000000d6e80000)
  from space 4096K, 80% used [0x00000000d6e80000,0x00000000d71b4148,0x00000000d7280000)
  to   space 4096K, 0% used [0x00000000d7280000,0x00000000d7280000,0x00000000d7680000)
 ParOldGen       total 68608K, used 0K [0x0000000080000000, 0x0000000084300000, 0x00000000d5580000)
  object space 68608K, 0% used [0x0000000080000000,0x0000000080000000,0x0000000084300000)
 Metaspace       used 7968K, committed 8320K, reserved 1114112K
  class space    used 829K, committed 960K, reserved 1048576K

Card table byte_map: [0x0000021a35f50000,0x0000021a36360000] _byte_map_base: 0x0000021a35b50000

Marking Bits: (ParMarkBitMap*) 0x00007ffe0ea13450
 Begin Bits: [0x0000021a48a60000, 0x0000021a4aa60000)
 End Bits:   [0x0000021a4aa60000, 0x0000021a4ca60000)

Polling page: 0x0000021a342c0000

Metaspace:

Usage:
  Non-class:      6.97 MB used.
      Class:    829.90 KB used.
       Both:      7.78 MB used.

Virtual space:
  Non-class space:       64.00 MB reserved,       7.19 MB ( 11%) committed,  1 nodes.
      Class space:        1.00 GB reserved,     960.00 KB ( <1%) committed,  1 nodes.
             Both:        1.06 GB reserved,       8.12 MB ( <1%) committed. 

Chunk freelists:
   Non-Class:  8.80 MB
       Class:  14.91 MB
        Both:  23.70 MB

MaxMetaspaceSize: unlimited
CompressedClassSpaceSize: 1.00 GB
Initial GC threshold: 21.00 MB
Current GC threshold: 21.00 MB
CDS: on
 - commit_granule_bytes: 65536.
 - commit_granule_words: 8192.
 - virtual_space_node_default_size: 8388608.
 - enlarge_chunks_in_place: 1.
 - use_allocation_guard: 0.


Internal statistics:

num_allocs_failed_limit: 0.
num_arena_births: 228.
num_arena_deaths: 0.
num_vsnodes_births: 2.
num_vsnodes_deaths: 0.
num_space_committed: 130.
num_space_uncommitted: 0.
num_chunks_returned_to_freelist: 0.
num_chunks_taken_from_freelist: 421.
num_chunk_merges: 0.
num_chunk_splits: 269.
num_chunks_enlarged: 179.
num_inconsistent_stats: 0.

CodeHeap 'non-profiled nmethods': size=120000Kb used=747Kb max_used=747Kb free=119252Kb
 bounds [0x0000021a41280000, 0x0000021a414f0000, 0x0000021a487b0000]
CodeHeap 'profiled nmethods': size=120000Kb used=3188Kb max_used=3188Kb free=116811Kb
 bounds [0x0000021a397b0000, 0x0000021a39ad0000, 0x0000021a40ce0000]
CodeHeap 'non-nmethods': size=5760Kb used=1215Kb max_used=1234Kb free=4544Kb
 bounds [0x0000021a40ce0000, 0x0000021a40f50000, 0x0000021a41280000]
CodeCache: size=245760Kb, used=5150Kb, max_used=5169Kb, free=240607Kb
 total_blobs=2249, nmethods=1767, adapters=389, full_count=0
Compilation: enabled, stopped_count=0, restarted_count=0

Compilation events (20 events):
Event: 9.223 Thread 0x0000021a36491c10 nmethod 1758 0x0000021a41338510 code [0x0000021a41338680, 0x0000021a413386e8]
Event: 9.255 Thread 0x0000021a36491c10 1759       4       java.lang.StringLatin1::inflate (34 bytes)
Event: 9.256 Thread 0x0000021a36506ba0 1761       3       java.lang.ThreadLocal$ThreadLocalMap::getEntry (42 bytes)
Event: 9.257 Thread 0x0000021a36506ba0 nmethod 1761 0x0000021a39ac8110 code [0x0000021a39ac82e0, 0x0000021a39ac86a0]
Event: 9.265 Thread 0x0000021a36491c10 nmethod 1759 0x0000021a41338810 code [0x0000021a413389a0, 0x0000021a41338b30]
Event: 9.265 Thread 0x0000021a36491c10 1760 %     4       java.io.WinNTFileSystem::normalize @ 58 (224 bytes)
Event: 9.296 Thread 0x0000021a36506ba0 1762       3       java.lang.Integer::valueOf (32 bytes)
Event: 9.296 Thread 0x0000021a36506ba0 nmethod 1762 0x0000021a39ac8890 code [0x0000021a39ac8a60, 0x0000021a39ac8d68]
Event: 9.309 Thread 0x0000021a36506ba0 1763       3       org.eclipse.osgi.framework.util.SecureAction::getProperty (31 bytes)
Event: 9.309 Thread 0x0000021a36506ba0 nmethod 1763 0x0000021a39ac8e90 code [0x0000021a39ac9080, 0x0000021a39ac94d8]
Event: 9.326 Thread 0x0000021a36491c10 nmethod 1760% 0x0000021a41338c10 code [0x0000021a41338ea0, 0x0000021a4133a330]
Event: 9.946 Thread 0x0000021a36491c10 1764       4       java.io.WinNTFileSystem::normalize (143 bytes)
Event: 9.964 Thread 0x0000021a36506ba0 1766       3       org.eclipse.osgi.internal.framework.EquinoxConfiguration$ConfigValues::internalGet (24 bytes)
Event: 9.965 Thread 0x0000021a36506ba0 nmethod 1766 0x0000021a39ac9690 code [0x0000021a39ac98a0, 0x0000021a39ac9e98]
Event: 9.967 Thread 0x0000021a36506ba0 1767       3       java.lang.ThreadLocal::getMap (5 bytes)
Event: 9.967 Thread 0x0000021a36506ba0 nmethod 1767 0x0000021a39aca090 code [0x0000021a39aca220, 0x0000021a39aca338]
Event: 9.968 Thread 0x0000021a36506ba0 1768       3       java.io.File::isAbsolute (8 bytes)
Event: 9.969 Thread 0x0000021a36506ba0 nmethod 1768 0x0000021a39aca410 code [0x0000021a39aca5c0, 0x0000021a39aca710]
Event: 9.981 Thread 0x0000021a36506ba0 1769       3       java.lang.ThreadLocal::get (35 bytes)
Event: 9.982 Thread 0x0000021a36506ba0 nmethod 1769 0x0000021a39aca790 code [0x0000021a39aca960, 0x0000021a39acac68]

GC Heap History (2 events):
Event: 4.533 GC heap before
{Heap before GC invocations=1 (full 0):
 PSYoungGen      total 29696K, used 25600K [0x00000000d5580000, 0x00000000d7680000, 0x0000000100000000)
  eden space 25600K, 100% used [0x00000000d5580000,0x00000000d6e80000,0x00000000d6e80000)
  from space 4096K, 0% used [0x00000000d7280000,0x00000000d7280000,0x00000000d7680000)
  to   space 4096K, 0% used [0x00000000d6e80000,0x00000000d6e80000,0x00000000d7280000)
 ParOldGen       total 68608K, used 0K [0x0000000080000000, 0x0000000084300000, 0x00000000d5580000)
  object space 68608K, 0% used [0x0000000080000000,0x0000000080000000,0x0000000084300000)
 Metaspace       used 4359K, committed 4608K, reserved 1114112K
  class space    used 474K, committed 576K, reserved 1048576K
}
Event: 4.572 GC heap after
{Heap after GC invocations=1 (full 0):
 PSYoungGen      total 29696K, used 3280K [0x00000000d5580000, 0x00000000d7680000, 0x0000000100000000)
  eden space 25600K, 0% used [0x00000000d5580000,0x00000000d5580000,0x00000000d6e80000)
  from space 4096K, 80% used [0x00000000d6e80000,0x00000000d71b4148,0x00000000d7280000)
  to   space 4096K, 0% used [0x00000000d7280000,0x00000000d7280000,0x00000000d7680000)
 ParOldGen       total 68608K, used 0K [0x0000000080000000, 0x0000000084300000, 0x00000000d5580000)
  object space 68608K, 0% used [0x0000000080000000,0x0000000080000000,0x0000000084300000)
 Metaspace       used 4359K, committed 4608K, reserved 1114112K
  class space    used 474K, committed 576K, reserved 1048576K
}

Dll operation events (8 events):
Event: 0.034 Loaded shared library c:\Users\lucas\.vscode\extensions\redhat.java-1.54.0-win32-x64\jre\21.0.10-win32-x86_64\bin\java.dll
Event: 0.594 Loaded shared library c:\Users\lucas\.vscode\extensions\redhat.java-1.54.0-win32-x64\jre\21.0.10-win32-x86_64\bin\zip.dll
Event: 0.816 Loaded shared library C:\Users\lucas\.vscode\extensions\redhat.java-1.54.0-win32-x64\jre\21.0.10-win32-x86_64\bin\instrument.dll
Event: 0.881 Loaded shared library C:\Users\lucas\.vscode\extensions\redhat.java-1.54.0-win32-x64\jre\21.0.10-win32-x86_64\bin\net.dll
Event: 0.918 Loaded shared library C:\Users\lucas\.vscode\extensions\redhat.java-1.54.0-win32-x64\jre\21.0.10-win32-x86_64\bin\nio.dll
Event: 0.929 Loaded shared library C:\Users\lucas\.vscode\extensions\redhat.java-1.54.0-win32-x64\jre\21.0.10-win32-x86_64\bin\zip.dll
Event: 1.003 Loaded shared library C:\Users\lucas\.vscode\extensions\redhat.java-1.54.0-win32-x64\jre\21.0.10-win32-x86_64\bin\jimage.dll
Event: 1.605 Loaded shared library c:\Users\lucas\.vscode\extensions\redhat.java-1.54.0-win32-x64\jre\21.0.10-win32-x86_64\bin\verify.dll

Deoptimization events (20 events):
Event: 7.449 Thread 0x0000021a343246f0 DEOPT PACKING pc=0x0000021a3987db3c sp=0x00000046ea7f9200
Event: 7.449 Thread 0x0000021a343246f0 DEOPT UNPACKING pc=0x0000021a40d34242 sp=0x00000046ea7f8720 mode 0
Event: 7.465 Thread 0x0000021a343246f0 DEOPT PACKING pc=0x0000021a39aac5b1 sp=0x00000046ea7fd3f0
Event: 7.465 Thread 0x0000021a343246f0 DEOPT UNPACKING pc=0x0000021a40d34242 sp=0x00000046ea7fc868 mode 0
Event: 7.468 Thread 0x0000021a343246f0 DEOPT PACKING pc=0x0000021a3992d808 sp=0x00000046ea7fc5f0
Event: 7.468 Thread 0x0000021a343246f0 DEOPT UNPACKING pc=0x0000021a40d34242 sp=0x00000046ea7fba70 mode 0
Event: 7.474 Thread 0x0000021a343246f0 DEOPT PACKING pc=0x0000021a3992d808 sp=0x00000046ea7fc900
Event: 7.474 Thread 0x0000021a343246f0 DEOPT UNPACKING pc=0x0000021a40d34242 sp=0x00000046ea7fbd80 mode 0
Event: 7.475 Thread 0x0000021a343246f0 Uncommon trap: trap_request=0xffffffde fr.pc=0x0000021a41330b1c relative=0x0000000000000b3c
Event: 7.475 Thread 0x0000021a343246f0 Uncommon trap: reason=class_check action=maybe_recompile pc=0x0000021a41330b1c method=java.util.HashMap.putVal(ILjava/lang/Object;Ljava/lang/Object;ZZ)Ljava/lang/Object; @ 91 c2
Event: 7.475 Thread 0x0000021a343246f0 DEOPT PACKING pc=0x0000021a41330b1c sp=0x00000046ea7fd160
Event: 7.475 Thread 0x0000021a343246f0 DEOPT UNPACKING pc=0x0000021a40d33aa2 sp=0x00000046ea7fd088 mode 2
Event: 7.475 Thread 0x0000021a343246f0 Uncommon trap: trap_request=0xffffffde fr.pc=0x0000021a41330b1c relative=0x0000000000000b3c
Event: 7.475 Thread 0x0000021a343246f0 Uncommon trap: reason=class_check action=maybe_recompile pc=0x0000021a41330b1c method=java.util.HashMap.putVal(ILjava/lang/Object;Ljava/lang/Object;ZZ)Ljava/lang/Object; @ 91 c2
Event: 7.475 Thread 0x0000021a343246f0 DEOPT PACKING pc=0x0000021a41330b1c sp=0x00000046ea7fd160
Event: 7.475 Thread 0x0000021a343246f0 DEOPT UNPACKING pc=0x0000021a40d33aa2 sp=0x00000046ea7fd088 mode 2
Event: 7.490 Thread 0x0000021a343246f0 DEOPT PACKING pc=0x0000021a3992d808 sp=0x00000046ea7fc850
Event: 7.490 Thread 0x0000021a343246f0 DEOPT UNPACKING pc=0x0000021a40d34242 sp=0x00000046ea7fbcd0 mode 0
Event: 7.492 Thread 0x0000021a343246f0 DEOPT PACKING pc=0x0000021a3992d808 sp=0x00000046ea7fcb50
Event: 7.492 Thread 0x0000021a343246f0 DEOPT UNPACKING pc=0x0000021a40d34242 sp=0x00000046ea7fbfd0 mode 0

Classes loaded (20 events):
Event: 7.455 Loading class java/security/KeyStoreException
Event: 7.455 Loading class java/security/KeyStoreException done
Event: 7.548 Loading class java/util/LinkedList$Node
Event: 7.548 Loading class java/util/LinkedList$Node done
Event: 7.548 Loading class java/util/LinkedList$ListItr
Event: 7.548 Loading class java/util/LinkedList$ListItr done
Event: 7.551 Loading class java/lang/Thread$Builder$OfPlatform
Event: 7.551 Loading class java/lang/Thread$Builder
Event: 7.551 Loading class java/lang/Thread$Builder done
Event: 7.551 Loading class java/lang/Thread$Builder$OfPlatform done
Event: 7.551 Loading class java/lang/Thread$Builder$OfVirtual
Event: 7.552 Loading class java/lang/Thread$Builder$OfVirtual done
Event: 7.569 Loading class sun/nio/fs/WindowsChannelFactory
Event: 7.569 Loading class sun/nio/fs/WindowsChannelFactory done
Event: 7.569 Loading class sun/nio/fs/WindowsChannelFactory$1
Event: 7.569 Loading class sun/nio/fs/WindowsChannelFactory$1 done
Event: 7.569 Loading class sun/nio/fs/WindowsChannelFactory$Flags
Event: 7.569 Loading class sun/nio/fs/WindowsChannelFactory$Flags done
Event: 7.570 Loading class sun/nio/ch/FileChannelImpl$Closer
Event: 7.570 Loading class sun/nio/ch/FileChannelImpl$Closer done

Classes unloaded (0 events):
No events

Classes redefined (0 events):
No events

Internal exceptions (20 events):
Event: 3.314 Thread 0x0000021a343246f0 Exception <a 'java/lang/NoSuchMethodError'{0x00000000d6600758}: 'java.lang.Object java.lang.invoke.DirectMethodHandle$Holder.invokeInterface(java.lang.Object, java.lang.Object, int)'> (0x00000000d6600758) 
thrown [s\src\hotspot\share\interpreter\linkResolver.cpp, line 773]
Event: 4.126 Thread 0x0000021a343246f0 Exception <a 'java/lang/NoSuchMethodError'{0x00000000d6a67b30}: 'java.lang.ClassLoader java.lang.ClassLoader.getPlatformClassLoader(java.lang.Class)'> (0x00000000d6a67b30) 
thrown [s\src\hotspot\share\interpreter\linkResolver.cpp, line 773]
Event: 4.576 Thread 0x0000021a343246f0 Exception <a 'java/lang/ClassNotFoundException'{0x00000000d55830e0}: sun/net/www/protocol/c/Handler> (0x00000000d55830e0) 
thrown [s\src\hotspot\share\classfile\systemDictionary.cpp, line 312]
Event: 4.576 Thread 0x0000021a343246f0 Exception <a 'java/lang/ClassNotFoundException'{0x00000000d5584468}: sun/net/www/protocol/c/Handler> (0x00000000d5584468) 
thrown [s\src\hotspot\share\classfile\systemDictionary.cpp, line 312]
Event: 4.577 Thread 0x0000021a343246f0 Exception <a 'java/lang/ClassNotFoundException'{0x00000000d5585628}: sun/net/www/protocol/c/Handler> (0x00000000d5585628) 
thrown [s\src\hotspot\share\classfile\systemDictionary.cpp, line 312]
Event: 4.604 Thread 0x0000021a343246f0 Exception <a 'java/io/FileNotFoundException'{0x00000000d55b7300}> (0x00000000d55b7300) 
thrown [s\src\hotspot\share\prims\jni.cpp, line 520]
Event: 4.857 Thread 0x0000021a343246f0 Implicit null exception at 0x0000021a412d9329 to 0x0000021a412d9b9c
Event: 4.858 Thread 0x0000021a343246f0 Implicit null exception at 0x0000021a412f009a to 0x0000021a412f02a0
Event: 4.861 Thread 0x0000021a343246f0 Exception <a 'java/lang/NoSuchMethodError'{0x00000000d56e7778}: 'void java.lang.invoke.DirectMethodHandle$Holder.invokeStatic(java.lang.Object, java.lang.Object, java.lang.Object, java.lang.Object)'> (0x00000000d56e7778) 
thrown [s\src\hotspot\share\interpreter\linkResolver.cpp, line 773]
Event: 4.876 Thread 0x0000021a343246f0 Implicit null exception at 0x0000021a412e459a to 0x0000021a412e47a4
Event: 4.876 Thread 0x0000021a343246f0 Implicit null exception at 0x0000021a412ee73d to 0x0000021a412ee7c1
Event: 5.294 Thread 0x0000021a343246f0 Exception <a 'java/lang/NoSuchMethodError'{0x00000000d59c3428}: 'void java.lang.invoke.DirectMethodHandle$Holder.invokeSpecial(java.lang.Object, java.lang.Object, java.lang.Object)'> (0x00000000d59c3428) 
thrown [s\src\hotspot\share\interpreter\linkResolver.cpp, line 773]
Event: 6.779 Thread 0x0000021a343246f0 Exception <a 'java/lang/NoSuchMethodError'{0x00000000d63e2ab8}: 'int java.lang.invoke.DirectMethodHandle$Holder.invokeVirtual(java.lang.Object, java.lang.Object)'> (0x00000000d63e2ab8) 
thrown [s\src\hotspot\share\interpreter\linkResolver.cpp, line 773]
Event: 7.111 Thread 0x0000021a343246f0 Exception <a 'java/lang/NoSuchMethodError'{0x00000000d6569518}: 'int java.lang.invoke.DirectMethodHandle$Holder.invokeStaticInit(java.lang.Object, java.lang.Object, java.lang.Object, java.lang.Object)'> (0x00000000d6569518) 
thrown [s\src\hotspot\share\interpreter\linkResolver.cpp, line 773]
Event: 7.113 Thread 0x0000021a343246f0 Exception <a 'java/lang/IncompatibleClassChangeError'{0x00000000d6571920}: Found class java.lang.Object, but interface was expected> (0x00000000d6571920) 
thrown [s\src\hotspot\share\interpreter\linkResolver.cpp, line 840]
Event: 7.114 Thread 0x0000021a343246f0 Exception <a 'java/lang/NoSuchMethodError'{0x00000000d65787f0}: 'void java.lang.invoke.DirectMethodHandle$Holder.invokeStaticInit(java.lang.Object, java.lang.Object)'> (0x00000000d65787f0) 
thrown [s\src\hotspot\share\interpreter\linkResolver.cpp, line 773]
Event: 7.117 Thread 0x0000021a343246f0 Exception <a 'java/lang/NoSuchMethodError'{0x00000000d65822c8}: 'int java.lang.invoke.DirectMethodHandle$Holder.invokeStaticInit(java.lang.Object, java.lang.Object)'> (0x00000000d65822c8) 
thrown [s\src\hotspot\share\interpreter\linkResolver.cpp, line 773]
Event: 7.330 Thread 0x0000021a343246f0 Exception <a 'java/lang/NoSuchMethodError'{0x00000000d67d8e70}: 'java.lang.Object java.lang.invoke.DirectMethodHandle$Holder.newInvokeSpecial(java.lang.Object, int, java.lang.Object)'> (0x00000000d67d8e70) 
thrown [s\src\hotspot\share\interpreter\linkResolver.cpp, line 773]
Event: 7.418 Thread 0x0000021a343246f0 Exception <a 'java/lang/ClassNotFoundException'{0x00000000d69f6448}: sun/net/www/protocol/plurl/Handler> (0x00000000d69f6448) 
thrown [s\src\hotspot\share\classfile\systemDictionary.cpp, line 312]
Event: 7.418 Thread 0x0000021a343246f0 Exception <a 'java/lang/ClassNotFoundException'{0x00000000d69f72c8}: sun/net/www/protocol/plurl/Handler> (0x00000000d69f72c8) 
thrown [s\src\hotspot\share\classfile\systemDictionary.cpp, line 312]

ZGC Phase Switch (0 events):
No events

VM Operations (20 events):
Event: 4.411 Executing non-safepoint VM operation: HandshakeAllThreads (Deoptimize)
Event: 4.411 Executing non-safepoint VM operation: HandshakeAllThreads (Deoptimize) done
Event: 4.533 Executing safepoint VM operation: ParallelGCFailedAllocation (Allocation Failure)
Event: 4.572 Executing safepoint VM operation: ParallelGCFailedAllocation (Allocation Failure) done
Event: 5.576 Executing safepoint VM operation: Cleanup
Event: 5.577 Executing safepoint VM operation: Cleanup done
Event: 6.589 Executing safepoint VM operation: Cleanup
Event: 6.589 Executing safepoint VM operation: Cleanup done
Event: 7.211 Executing non-safepoint VM operation: HandshakeAllThreads (Deoptimize)
Event: 7.248 Executing non-safepoint VM operation: HandshakeAllThreads (Deoptimize) done
Event: 7.269 Executing non-safepoint VM operation: HandshakeAllThreads (Deoptimize)
Event: 7.269 Executing non-safepoint VM operation: HandshakeAllThreads (Deoptimize) done
Event: 7.383 Executing non-safepoint VM operation: HandshakeAllThreads (Deoptimize)
Event: 7.383 Executing non-safepoint VM operation: HandshakeAllThreads (Deoptimize) done
Event: 7.414 Executing non-safepoint VM operation: HandshakeAllThreads (Deoptimize)
Event: 7.414 Executing non-safepoint VM operation: HandshakeAllThreads (Deoptimize) done
Event: 8.428 Executing safepoint VM operation: Cleanup
Event: 8.429 Executing safepoint VM operation: Cleanup done
Event: 9.430 Executing safepoint VM operation: Cleanup
Event: 9.430 Executing safepoint VM operation: Cleanup done

Memory protections (0 events):
No events

Nmethod flushes (0 events):
No events

Events (12 events):
Event: 0.176 Thread 0x0000021a343246f0 Thread added: 0x0000021a343246f0
Event: 0.280 Thread 0x0000021a343246f0 Thread added: 0x0000021a36487b70
Event: 0.280 Thread 0x0000021a343246f0 Thread added: 0x0000021a364891c0
Event: 0.281 Thread 0x0000021a343246f0 Thread added: 0x0000021a3648c820
Event: 0.281 Thread 0x0000021a343246f0 Thread added: 0x0000021a3648d480
Event: 0.281 Thread 0x0000021a343246f0 Thread added: 0x0000021a3648e360
Event: 0.281 Thread 0x0000021a343246f0 Thread added: 0x0000021a36490dd0
Event: 0.282 Thread 0x0000021a343246f0 Thread added: 0x0000021a36491c10
Event: 0.346 Thread 0x0000021a343246f0 Thread added: 0x0000021a36506ba0
Event: 0.827 Thread 0x0000021a343246f0 Thread added: 0x0000021a8ecfd550
Event: 2.164 Thread 0x0000021a343246f0 Thread added: 0x0000021a8ee06910
Event: 7.190 Thread 0x0000021a343246f0 Thread added: 0x0000021a93304fc0


Dynamic libraries:
0x00007ff7d08f0000 - 0x00007ff7d08fe000 	c:\Users\lucas\.vscode\extensions\redhat.java-1.54.0-win32-x64\jre\21.0.10-win32-x86_64\bin\java.exe
0x00007ffea7450000 - 0x00007ffea7648000 	C:\WINDOWS\SYSTEM32\ntdll.dll
0x00007ffea6b90000 - 0x00007ffea6c52000 	C:\WINDOWS\System32\KERNEL32.DLL
0x00007ffea4ae0000 - 0x00007ffea4dd6000 	C:\WINDOWS\System32\KERNELBASE.dll
0x00007ffea5060000 - 0x00007ffea5160000 	C:\WINDOWS\System32\ucrtbase.dll
0x00007ffe9dfb0000 - 0x00007ffe9dfc8000 	c:\Users\lucas\.vscode\extensions\redhat.java-1.54.0-win32-x64\jre\21.0.10-win32-x86_64\bin\jli.dll
0x00007ffea6800000 - 0x00007ffea69a1000 	C:\WINDOWS\System32\USER32.dll
0x00007ffea4f90000 - 0x00007ffea4fb2000 	C:\WINDOWS\System32\win32u.dll
0x00007ffea5470000 - 0x00007ffea549b000 	C:\WINDOWS\System32\GDI32.dll
0x00007ffea4de0000 - 0x00007ffea4ef9000 	C:\WINDOWS\System32\gdi32full.dll
0x00007ffea4fc0000 - 0x00007ffea505d000 	C:\WINDOWS\System32\msvcp_win.dll
0x00007ffe8d3d0000 - 0x00007ffe8d3ee000 	c:\Users\lucas\.vscode\extensions\redhat.java-1.54.0-win32-x64\jre\21.0.10-win32-x86_64\bin\VCRUNTIME140.dll
0x00007ffe8fdd0000 - 0x00007ffe9006b000 	C:\WINDOWS\WinSxS\amd64_microsoft.windows.common-controls_6595b64144ccf1df_6.0.19041.6456_none_60b8a6cb71f64256\COMCTL32.dll
0x00007ffea6af0000 - 0x00007ffea6b8e000 	C:\WINDOWS\System32\msvcrt.dll
0x00007ffea6ea0000 - 0x00007ffea6ecf000 	C:\WINDOWS\System32\IMM32.DLL
0x00007ffea16b0000 - 0x00007ffea16bc000 	c:\Users\lucas\.vscode\extensions\redhat.java-1.54.0-win32-x64\jre\21.0.10-win32-x86_64\bin\vcruntime140_1.dll
0x00007ffe7ebd0000 - 0x00007ffe7ec5d000 	c:\Users\lucas\.vscode\extensions\redhat.java-1.54.0-win32-x64\jre\21.0.10-win32-x86_64\bin\msvcp140.dll
0x00007ffe0dd50000 - 0x00007ffe0eaf1000 	c:\Users\lucas\.vscode\extensions\redhat.java-1.54.0-win32-x64\jre\21.0.10-win32-x86_64\bin\server\jvm.dll
0x00007ffea6a30000 - 0x00007ffea6ae1000 	C:\WINDOWS\System32\ADVAPI32.dll
0x00007ffea6c70000 - 0x00007ffea6d0f000 	C:\WINDOWS\System32\sechost.dll
0x00007ffea54a0000 - 0x00007ffea55c0000 	C:\WINDOWS\System32\RPCRT4.dll
0x00007ffea5260000 - 0x00007ffea5287000 	C:\WINDOWS\System32\bcrypt.dll
0x00007ffea6780000 - 0x00007ffea67eb000 	C:\WINDOWS\System32\WS2_32.dll
0x00007ffe9f130000 - 0x00007ffe9f13a000 	C:\WINDOWS\SYSTEM32\VERSION.dll
0x00007ffea4020000 - 0x00007ffea406b000 	C:\WINDOWS\SYSTEM32\POWRPROF.dll
0x00007ffe8d0b0000 - 0x00007ffe8d0d7000 	C:\WINDOWS\SYSTEM32\WINMM.dll
0x00007ffea3ee0000 - 0x00007ffea3ef2000 	C:\WINDOWS\SYSTEM32\UMPDC.dll
0x00007ffea2950000 - 0x00007ffea2962000 	C:\WINDOWS\SYSTEM32\kernel.appcore.dll
0x00007ffea11f0000 - 0x00007ffea11fa000 	c:\Users\lucas\.vscode\extensions\redhat.java-1.54.0-win32-x64\jre\21.0.10-win32-x86_64\bin\jimage.dll
0x00007ffe9ba40000 - 0x00007ffe9bc41000 	C:\WINDOWS\SYSTEM32\DBGHELP.DLL
0x00007ffe9b9d0000 - 0x00007ffe9ba04000 	C:\WINDOWS\SYSTEM32\dbgcore.DLL
0x00007ffea4f00000 - 0x00007ffea4f82000 	C:\WINDOWS\System32\bcryptPrimitives.dll
0x00007ffe9dfa0000 - 0x00007ffe9dfaf000 	c:\Users\lucas\.vscode\extensions\redhat.java-1.54.0-win32-x64\jre\21.0.10-win32-x86_64\bin\instrument.dll
0x00007ffe8b9f0000 - 0x00007ffe8ba10000 	c:\Users\lucas\.vscode\extensions\redhat.java-1.54.0-win32-x64\jre\21.0.10-win32-x86_64\bin\java.dll
0x00007ffea5b40000 - 0x00007ffea62b0000 	C:\WINDOWS\System32\SHELL32.dll
0x00007ffea2b50000 - 0x00007ffea32f5000 	C:\WINDOWS\SYSTEM32\windows.storage.dll
0x00007ffea57e0000 - 0x00007ffea5b34000 	C:\WINDOWS\System32\combase.dll
0x00007ffea4510000 - 0x00007ffea453b000 	C:\WINDOWS\SYSTEM32\Wldp.dll
0x00007ffea6d10000 - 0x00007ffea6ddd000 	C:\WINDOWS\System32\OLEAUT32.dll
0x00007ffea6ed0000 - 0x00007ffea6f7d000 	C:\WINDOWS\System32\SHCORE.dll
0x00007ffea6de0000 - 0x00007ffea6e3b000 	C:\WINDOWS\System32\shlwapi.dll
0x00007ffea4a10000 - 0x00007ffea4a34000 	C:\WINDOWS\SYSTEM32\profapi.dll
0x00007ffe7f980000 - 0x00007ffe7f998000 	c:\Users\lucas\.vscode\extensions\redhat.java-1.54.0-win32-x64\jre\21.0.10-win32-x86_64\bin\zip.dll
0x00007ffe956d0000 - 0x00007ffe956e0000 	C:\Users\lucas\.vscode\extensions\redhat.java-1.54.0-win32-x64\jre\21.0.10-win32-x86_64\bin\net.dll
0x00007ffe9a880000 - 0x00007ffe9a98a000 	C:\WINDOWS\SYSTEM32\WINHTTP.dll
0x00007ffea4270000 - 0x00007ffea42da000 	C:\WINDOWS\system32\mswsock.dll
0x00007ffe8b9d0000 - 0x00007ffe8b9e6000 	C:\Users\lucas\.vscode\extensions\redhat.java-1.54.0-win32-x64\jre\21.0.10-win32-x86_64\bin\nio.dll
0x00007ffe955c0000 - 0x00007ffe955d0000 	c:\Users\lucas\.vscode\extensions\redhat.java-1.54.0-win32-x64\jre\21.0.10-win32-x86_64\bin\verify.dll

JVMTI agents:
c:\Users\lucas\.vscode\extensions\redhat.java-1.54.0-win32-x64\lombok\lombok-1.18.39-4050.jar path:c:\Users\lucas\.vscode\extensions\redhat.java-1.54.0-win32-x64\jre\21.0.10-win32-x86_64\bin\instrument.dll, loaded, initialized, instrumentlib options:none

dbghelp: loaded successfully - version: 4.0.5 - missing functions: none
symbol engine: initialized successfully - sym options: 0x614 - pdb path: .;c:\Users\lucas\.vscode\extensions\redhat.java-1.54.0-win32-x64\jre\21.0.10-win32-x86_64\bin;C:\WINDOWS\SYSTEM32;C:\WINDOWS\WinSxS\amd64_microsoft.windows.common-controls_6595b64144ccf1df_6.0.19041.6456_none_60b8a6cb71f64256;c:\Users\lucas\.vscode\extensions\redhat.java-1.54.0-win32-x64\jre\21.0.10-win32-x86_64\bin\server

VM Arguments:
jvm_args: --add-modules=ALL-SYSTEM --add-opens=java.base/java.util=ALL-UNNAMED --add-opens=java.base/java.lang=ALL-UNNAMED --add-opens=java.base/sun.nio.fs=ALL-UNNAMED -Declipse.application=org.eclipse.jdt.ls.core.id1 -Dosgi.bundles.defaultStartLevel=4 -Declipse.product=org.eclipse.jdt.ls.core.product -Djava.import.generatesMetadataFilesAtProjectRoot=false -DDetectVMInstallationsJob.disabled=true -Dfile.encoding=utf8 -XX:+UseParallelGC -XX:GCTimeRatio=4 -XX:AdaptiveSizePolicyWeight=90 -Dsun.zip.disableMemoryMapping=true -Xmx2G -Xms100m -Xlog:disable -javaagent:c:\Users\lucas\.vscode\extensions\redhat.java-1.54.0-win32-x64\lombok\lombok-1.18.39-4050.jar -XX:+HeapDumpOnOutOfMemoryError -XX:HeapDumpPath=c:\Users\lucas\AppData\Roaming\Code\User\workspaceStorage\835157e214956511257ff263064fe1b8\redhat.java -Daether.dependencyCollector.impl=bf 
java_command: c:\Users\lucas\.vscode\extensions\redhat.java-1.54.0-win32-x64\server\plugins\org.eclipse.equinox.launcher_1.7.100.v20251111-0406.jar -configuration c:\Users\lucas\AppData\Roaming\Code\User\globalStorage\redhat.java\1.54.0\config_win -data c:\Users\lucas\AppData\Roaming\Code\User\workspaceStorage\835157e214956511257ff263064fe1b8\redhat.java\jdt_ws --pipe=\\.\pipe\lsp-3dea4131eeaa2d06f0de7d381d6a0f90-sock
java_class_path (initial): c:\Users\lucas\.vscode\extensions\redhat.java-1.54.0-win32-x64\server\plugins\org.eclipse.equinox.launcher_1.7.100.v20251111-0406.jar
Launcher Type: SUN_STANDARD

[Global flags]
    uintx AdaptiveSizePolicyWeight                 = 90                                        {product} {command line}
     intx CICompilerCount                          = 3                                         {product} {ergonomic}
    uintx GCTimeRatio                              = 4                                         {product} {command line}
     bool HeapDumpOnOutOfMemoryError               = true                                   {manageable} {command line}
    ccstr HeapDumpPath                             = c:\Users\lucas\AppData\Roaming\Code\User\workspaceStorage\835157e214956511257ff263064fe1b8\redhat.java         {manageable} {command line}
   size_t InitialHeapSize                          = 104857600                                 {product} {command line}
   size_t MaxHeapSize                              = 2147483648                                {product} {command line}
   size_t MaxNewSize                               = 715653120                                 {product} {ergonomic}
   size_t MinHeapDeltaBytes                        = 524288                                    {product} {ergonomic}
   size_t MinHeapSize                              = 104857600                                 {product} {command line}
   size_t NewSize                                  = 34603008                                  {product} {ergonomic}
    uintx NonNMethodCodeHeapSize                   = 5832780                                {pd product} {ergonomic}
    uintx NonProfiledCodeHeapSize                  = 122912730                              {pd product} {ergonomic}
   size_t OldSize                                  = 70254592                                  {product} {ergonomic}
    uintx ProfiledCodeHeapSize                     = 122912730                              {pd product} {ergonomic}
    uintx ReservedCodeCacheSize                    = 251658240                              {pd product} {ergonomic}
     bool SegmentedCodeCache                       = true                                      {product} {ergonomic}
   size_t SoftMaxHeapSize                          = 2147483648                             {manageable} {ergonomic}
     bool UseCompressedOops                        = true                           {product lp64_product} {ergonomic}
     bool UseLargePagesIndividualAllocation        = false                                  {pd product} {ergonomic}
     bool UseParallelGC                            = true                                      {product} {command line}

Logging:
Log output configuration:
 #0: stdout all=off uptime,level,tags foldmultilines=false
 #1: stderr all=off uptime,level,tags foldmultilines=false

Release file:
JAVA_VERSION="21.0.10" 
MODULES="java.base java.compiler java.datatransfer java.xml java.prefs java.desktop java.instrument java.logging java.management java.security.sasl java.naming java.rmi java.management.rmi java.net.http java.scripting java.security.jgss java.transaction.xa java.sql java.sql.rowset java.xml.crypto java.se java.smartcardio jdk.accessibility jdk.internal.jvmstat jdk.attach jdk.charsets jdk.internal.opt jdk.zipfs jdk.compiler jdk.crypto.ec jdk.crypto.cryptoki jdk.crypto.mscapi jdk.dynalink jdk.internal.ed jdk.editpad jdk.hotspot.agent jdk.httpserver jdk.internal.le jdk.internal.vm.ci jdk.internal.vm.compiler jdk.internal.vm.compiler.management jdk.jartool jdk.javadoc jdk.jcmd jdk.management jdk.management.agent jdk.jconsole jdk.jdeps jdk.jdwp.agent jdk.jdi jdk.jfr jdk.jshell jdk.jsobject jdk.jstatd jdk.localedata jdk.management.jfr jdk.naming.dns jdk.naming.rmi jdk.net jdk.nio.mapmode jdk.random jdk.sctp jdk.security.auth jdk.security.jgss jdk.unsupported jdk.unsupported.desktop jdk.xml.dom" 

Environment Variables:
PATH=C:\Users\lucas\AppData\Local\Programs\Microsoft VS Code;C:\Program Files\Common Files\Oracle\Java\javapath;C:\Program Files (x86)\Common Files\Oracle\Java\javapath;C:\WINDOWS\system32;C:\WINDOWS;C:\WINDOWS\System32\Wbem;C:\WINDOWS\System32\WindowsPowerShell\v1.0\;C:\WINDOWS\System32\OpenSSH\;C:\Program Files\dotnet\;C:\Program Files\Git\cmd;C:\Program Files\nodejs\;C:\Users\lucas\.local\bin;C:\Users\lucas\AppData\Local\Microsoft\WindowsApps;C:\Users\lucas\AppData\Local\Programs\Microsoft VS Code\bin;C:\Users\lucas\AppData\Roaming\npm;C:\Users\lucas\AppData\Local\Python\bin
USERNAME=lucas
TMPDIR=C:\Users\Public\Documents\Wondershare\CreatorTemp
OS=Windows_NT
PROCESSOR_IDENTIFIER=Intel64 Family 6 Model 69 Stepping 1, GenuineIntel
TMP=C:\Users\lucas\AppData\Local\Temp
TEMP=C:\Users\lucas\AppData\Local\Temp




Periodic native trim disabled

---------------  S Y S T E M  ---------------

OS:
 Windows 10 , 64 bit Build 19041 (10.0.19041.5915)
OS uptime: 15 days 5:06 hours

CPU: total 4 (initial active 4) (2 cores per cpu, 2 threads per core) family 6 model 69 stepping 1 microcode 0x25, cx8, cmov, fxsr, ht, mmx, sse, sse2, sse3, ssse3, sse4.1, sse4.2, popcnt, lzcnt, tsc, tscinvbit, avx, avx2, aes, erms, clmul, bmi1, bmi2, fma, vzeroupper, clflush, rdtscp, f16c
Processor Information for the first 4 processors :
  Max Mhz: 1700, Current Mhz: 1700, Mhz Limit: 1700

Memory: 4k page, system-wide physical 4000M (66M free)
TotalPageFile size 16288M (AvailPageFile size 2M)
current process WorkingSet (physical memory assigned to process): 83M, peak: 83M
current process commit charge ("private bytes"): 224M, peak: 225M

vm_info: OpenJDK 64-Bit Server VM (21.0.10+7-LTS) for windows-amd64 JRE (21.0.10+7-LTS), built on 2026-01-20T00:00:00Z by "admin" with MS VC++ 17.12 (VS2022)

END.
